
SQL*Loader: Release 19.0.0.0.0 - Production on Sat Feb 5 06:50:15 2022
Version 19.3.0.0.0

Copyright (c) 1982, 2019, Oracle and/or its affiliates.  All rights reserved.

Control File:   /home/oracle/TP_ORACLE/cfg/emp.ctl
Data File:      /home/oracle/TP_ORACLE/in/emp.csv
  Bad File:     /home/oracle/TP_ORACLE/cfg/emp.bad
  Discard File:  none specified
 
 (Allow all discards)

Number to load: ALL
Number to skip: 0
Errors allowed: 50
Bind array:     250 rows, maximum of 1048576 bytes
Continuation:    none specified
Path used:      Conventional

Table EMP, loaded from every logical record.
Insert option in effect for this table: INSERT

   Column Name                  Position   Len  Term Encl Datatype
------------------------------ ---------- ----- ---- ---- ---------------------
EMPNO                               FIRST     *   ;       CHARACTER            
ENAME                                NEXT     *   ;       CHARACTER            
JOB                                  NEXT     *   ;       CHARACTER            
MGR                                  NEXT     *   ;       CHARACTER            
HIREDATE                             NEXT     *   ;       CHARACTER            
    SQL string for column : "to_date(:hiredate,'DD/MM/RR HH24:MI:SS')"
SAL                                  NEXT     *   ;       CHARACTER            
COMM                                 NEXT     *   ;       CHARACTER            
DEPTNO                               NEXT     *   ;       CHARACTER            

Record 15: Rejected - Error on table EMP, column EMPNO.
Column not found before end of logical record (use TRAILING NULLCOLS)

Table EMP:
  14 Rows successfully loaded.
  1 Row not loaded due to data errors.
  0 Rows not loaded because all WHEN clauses were failed.
  0 Rows not loaded because all fields were null.


Space allocated for bind array:                 516000 bytes(250 rows)
Read   buffer bytes: 1048576

Total logical records skipped:          0
Total logical records read:            15
Total logical records rejected:         1
Total logical records discarded:        0

Run began on Sat Feb 05 06:50:15 2022
Run ended on Sat Feb 05 06:50:15 2022

Elapsed time was:     00:00:00.06
CPU time was:         00:00:00.01
