
SQL*Loader: Release 19.0.0.0.0 - Production on Wed Jan 12 08:23:38 2022
Version 19.3.0.0.0

Copyright (c) 1982, 2019, Oracle and/or its affiliates.  All rights reserved.

Control File:   /home/oracle/cfg/emp.ctl
Data File:      /home/oracle/in/emp.csv
  Bad File:     /home/oracle/cfg/emp.bad
  Discard File:  none specified
 
 (Allow all discards)

Number to load: ALL
Number to skip: 0
Errors allowed: 50
Bind array:     250 rows, maximum of 1048576 bytes
Continuation:    none specified
Path used:      Conventional

Table EMP, loaded from every logical record.
Insert option in effect for this table: INSERT

   Column Name                  Position   Len  Term Encl Datatype
------------------------------ ---------- ----- ---- ---- ---------------------
EMPNO                               FIRST     *   ;       CHARACTER            
ENAME                                NEXT     *   ;       CHARACTER            
JOB                                  NEXT     *   ;       CHARACTER            
MGR                                  NEXT     *   ;       CHARACTER            
HIREDATE                             NEXT     *   ;       CHARACTER            
SAL                                  NEXT     *   ;       CHARACTER            
COMM                                 NEXT     *   ;       CHARACTER            
DEPTNO                               NEXT     *   ;       CHARACTER            

Record 15: Rejected - Error on table EMP, column EMPNO.
Column not found before end of logical record (use TRAILING NULLCOLS)
Record 1: Rejected - Error on table EMP, column HIREDATE.
ORA-01843: not a valid month

Record 2: Rejected - Error on table EMP, column HIREDATE.
ORA-01843: not a valid month

Record 3: Rejected - Error on table EMP, column HIREDATE.
ORA-01843: not a valid month

Record 4: Rejected - Error on table EMP, column HIREDATE.
ORA-01843: not a valid month

Record 5: Rejected - Error on table EMP, column HIREDATE.
ORA-01843: not a valid month

Record 6: Rejected - Error on table EMP, column HIREDATE.
ORA-01843: not a valid month

Record 7: Rejected - Error on table EMP, column HIREDATE.
ORA-01843: not a valid month

Record 8: Rejected - Error on table EMP, column HIREDATE.
ORA-01843: not a valid month

Record 9: Rejected - Error on table EMP, column HIREDATE.
ORA-01843: not a valid month

Record 10: Rejected - Error on table EMP, column HIREDATE.
ORA-01843: not a valid month

Record 11: Rejected - Error on table EMP, column HIREDATE.
ORA-01843: not a valid month

Record 12: Rejected - Error on table EMP, column HIREDATE.
ORA-01843: not a valid month

Record 13: Rejected - Error on table EMP, column HIREDATE.
ORA-01843: not a valid month

Record 14: Rejected - Error on table EMP, column HIREDATE.
ORA-01843: not a valid month


Table EMP:
  0 Rows successfully loaded.
  15 Rows not loaded due to data errors.
  0 Rows not loaded because all WHEN clauses were failed.
  0 Rows not loaded because all fields were null.


Space allocated for bind array:                 516000 bytes(250 rows)
Read   buffer bytes: 1048576

Total logical records skipped:          0
Total logical records read:            15
Total logical records rejected:        15
Total logical records discarded:        0

Run began on Wed Jan 12 08:23:38 2022
Run ended on Wed Jan 12 08:23:38 2022

Elapsed time was:     00:00:00.07
CPU time was:         00:00:00.02
